TN:
SF:src/auth/connect.ts
FNF:1
FNH:0
DA:1,33
DA:2,37
DA:3,39
DA:4,63
DA:5,53
DA:13,0
DA:14,0
DA:15,0
DA:16,0
DA:17,0
DA:18,0
DA:19,0
DA:20,0
DA:21,0
DA:22,0
DA:23,0
DA:24,0
DA:25,0
DA:26,0
DA:27,0
DA:28,0
DA:29,0
DA:30,0
DA:31,0
DA:32,0
DA:33,0
DA:34,0
DA:35,0
DA:36,0
DA:37,0
DA:38,0
DA:39,0
DA:40,0
DA:41,0
DA:42,0
DA:43,0
DA:44,0
DA:45,0
DA:46,0
DA:47,0
DA:48,0
DA:49,0
DA:50,0
DA:51,0
DA:52,0
DA:53,0
DA:54,0
LF:47
LH:5
end_of_record
TN:
SF:src/auth/credentials.ts
FNF:3
FNH:0
DA:1,33
DA:2,37
DA:3,50
DA:4,71
DA:5,56
DA:13,30
DA:15,0
DA:16,0
DA:17,0
DA:18,0
DA:19,0
DA:20,0
DA:21,0
DA:22,0
DA:23,1
DA:26,0
DA:27,0
DA:28,0
DA:29,0
DA:30,0
DA:31,0
DA:32,0
DA:33,0
DA:34,0
DA:35,0
DA:36,0
DA:37,0
DA:38,0
DA:39,0
DA:40,0
DA:41,0
DA:42,0
DA:43,0
DA:44,0
DA:45,0
DA:46,0
DA:47,0
DA:48,0
DA:49,0
DA:50,0
DA:51,0
DA:52,0
DA:53,0
DA:54,0
DA:55,0
DA:56,0
DA:57,1
DA:60,0
DA:61,0
DA:62,0
DA:63,0
DA:64,0
DA:65,0
DA:66,0
DA:67,0
DA:68,0
DA:69,0
DA:70,0
DA:71,0
DA:72,0
DA:73,0
DA:74,0
DA:75,0
DA:76,0
DA:77,0
DA:78,0
DA:79,0
DA:80,0
DA:81,0
DA:82,0
DA:83,0
DA:84,0
DA:85,0
LF:73
LH:8
end_of_record
TN:
SF:src/auth/encryption.ts
FNF:8
FNH:5
DA:1,38
DA:7,18
DA:8,22
DA:9,19
DA:10,37
DA:11,22
DA:13,14
DA:14,41
DA:15,32
DA:16,73
DA:17,2
DA:18,85
DA:21,27
DA:22,0
DA:23,0
DA:24,1
DA:27,24
DA:28,65
DA:29,90
DA:31,67
DA:32,34
DA:33,72
DA:34,4
DA:36,67
DA:37,34
DA:38,28
DA:39,32
DA:40,5
DA:41,35
DA:42,1
DA:43,4
DA:45,27
DA:46,65
DA:47,4
DA:48,12
DA:49,19
DA:50,9
DA:51,20
DA:52,18
DA:53,25
DA:54,23
DA:55,20
DA:56,18
DA:57,25
DA:59,43
DA:62,19
DA:63,42
DA:64,68
DA:65,0
DA:66,2
DA:67,28
DA:68,54
DA:69,2
DA:71,12
DA:72,48
DA:73,18
DA:74,58
DA:75,23
DA:76,48
DA:77,18
DA:78,37
DA:80,30
DA:81,76
DA:82,4
DA:83,90
DA:84,51
DA:85,32
DA:86,5
DA:87,10
DA:88,4
DA:89,48
DA:92,0
DA:93,1
DA:96,0
LF:74
LH:69
end_of_record
TN:
SF:src/cli/comments.ts
FNF:1
FNH:0
DA:1,86
DA:2,32
DA:4,103
DA:9,0
DA:10,0
DA:11,0
DA:12,0
DA:13,0
DA:14,0
DA:15,0
DA:16,0
DA:17,0
DA:18,0
DA:19,0
DA:20,0
DA:21,0
DA:22,0
DA:23,0
DA:24,0
DA:25,0
DA:26,0
DA:27,0
DA:28,0
DA:29,0
DA:30,0
DA:31,0
DA:32,0
DA:33,0
DA:34,0
DA:35,0
DA:36,0
DA:37,0
DA:38,0
DA:39,0
DA:40,0
DA:41,0
LF:36
LH:3
end_of_record
TN:
SF:src/cli/connect.ts
FNF:1
FNH:0
DA:1,81
DA:2,51
DA:3,38
DA:5,0
DA:6,0
DA:7,0
DA:8,0
DA:9,0
DA:10,0
DA:11,0
DA:12,0
DA:13,0
DA:14,0
DA:15,0
DA:16,0
DA:17,0
DA:18,0
DA:19,0
DA:20,0
DA:21,0
DA:22,0
DA:23,0
DA:24,0
DA:25,0
DA:26,0
DA:27,0
DA:28,0
DA:29,0
DA:30,0
DA:31,0
DA:32,0
DA:33,0
DA:34,0
DA:35,0
DA:36,0
DA:37,0
DA:38,0
DA:39,0
DA:40,0
DA:41,0
DA:42,0
DA:43,0
DA:44,0
DA:45,0
DA:46,0
DA:47,0
DA:48,0
DA:49,0
DA:50,0
DA:51,0
DA:52,0
DA:53,0
DA:54,0
DA:55,0
DA:56,0
DA:57,0
DA:58,0
DA:59,0
DA:60,0
DA:61,0
DA:62,0
DA:63,0
DA:64,0
DA:65,0
LF:64
LH:3
end_of_record
TN:
SF:src/cli/doc.ts
FNF:1
FNH:0
DA:1,38
DA:2,62
DA:3,68
DA:4,59
DA:5,45
DA:7,90
DA:11,26
DA:12,50
DA:13,98
DA:14,81
DA:15,94
DA:16,2
DA:18,0
DA:19,0
DA:20,0
DA:21,0
DA:22,0
DA:23,0
DA:24,0
DA:25,0
DA:26,0
DA:27,0
DA:28,0
DA:29,0
DA:30,0
DA:31,0
DA:32,0
DA:33,0
DA:34,0
DA:35,0
DA:36,0
DA:37,0
DA:38,0
DA:39,0
DA:40,0
DA:41,0
DA:42,0
DA:43,0
DA:44,0
DA:45,0
DA:46,0
DA:47,0
DA:48,0
DA:49,0
LF:44
LH:12
end_of_record
TN:
SF:src/cli/inspect.ts
FNF:1
FNH:0
DA:1,62
DA:2,47
DA:3,63
DA:4,45
DA:12,0
DA:13,0
DA:14,0
DA:15,0
DA:16,0
DA:17,0
DA:18,0
DA:19,0
DA:20,0
DA:21,0
DA:22,0
DA:23,0
DA:24,0
DA:25,0
DA:26,0
DA:27,0
DA:28,0
DA:29,0
DA:30,0
DA:31,0
DA:32,0
DA:33,0
DA:34,0
DA:35,0
DA:36,0
DA:37,0
DA:38,0
DA:39,0
DA:40,0
DA:41,0
DA:42,0
DA:43,0
DA:44,0
DA:45,0
DA:46,0
DA:47,0
DA:48,0
DA:49,0
DA:50,0
DA:51,0
DA:52,0
DA:53,0
DA:54,0
DA:55,0
DA:56,0
DA:57,0
LF:50
LH:4
end_of_record
TN:
SF:src/cli/overlay.ts
FNF:2
FNH:0
DA:1,38
DA:2,159
DA:11,32
DA:13,542
DA:25,60
DA:27,0
DA:28,0
DA:29,0
DA:30,0
DA:31,0
DA:32,0
DA:33,0
DA:34,0
DA:35,0
DA:36,0
DA:37,0
DA:38,0
DA:39,0
DA:40,0
DA:41,0
DA:42,0
DA:43,0
DA:44,0
DA:45,0
DA:46,0
DA:47,0
DA:48,0
DA:49,0
DA:50,0
DA:51,0
DA:52,0
DA:53,0
DA:54,0
DA:55,0
DA:56,0
DA:57,0
DA:58,0
DA:59,0
DA:60,0
DA:61,0
DA:62,0
DA:63,0
DA:64,0
DA:65,0
DA:66,0
DA:67,0
DA:68,0
DA:69,0
DA:70,0
DA:71,0
DA:72,0
DA:73,0
DA:74,0
DA:75,0
DA:76,0
DA:77,0
DA:78,0
DA:79,0
DA:80,0
DA:81,0
DA:82,0
DA:83,0
DA:84,0
DA:85,0
DA:86,0
DA:87,0
DA:88,0
DA:89,0
DA:90,0
DA:91,0
DA:92,0
DA:93,0
DA:94,0
DA:95,0
DA:96,0
DA:97,0
DA:98,0
DA:99,0
DA:100,0
DA:101,0
DA:102,0
DA:103,0
DA:104,0
DA:105,0
DA:106,0
DA:107,0
DA:108,0
DA:109,0
DA:110,0
DA:111,0
DA:112,0
DA:113,0
DA:114,0
DA:115,0
DA:116,0
DA:117,0
DA:118,0
DA:119,0
DA:120,0
DA:121,0
DA:122,0
DA:123,0
DA:124,0
DA:125,0
DA:126,0
DA:127,0
DA:128,0
DA:129,0
DA:130,0
DA:131,0
DA:132,0
DA:133,0
DA:134,0
DA:135,0
DA:136,0
DA:137,0
DA:138,0
DA:139,0
DA:140,0
DA:141,0
DA:142,0
DA:143,0
DA:144,1
DA:147,0
DA:148,0
DA:149,0
DA:150,0
DA:151,0
DA:152,0
DA:153,0
DA:154,0
DA:155,0
DA:156,0
DA:157,0
DA:158,0
DA:159,0
DA:160,0
DA:161,0
DA:162,0
DA:163,0
DA:164,0
LF:141
LH:6
end_of_record
TN:
SF:src/cli/project.ts
FNF:1
FNH:0
DA:1,38
DA:2,70
DA:3,45
DA:5,108
DA:10,0
DA:11,0
DA:12,0
DA:13,0
DA:14,0
DA:15,0
DA:16,0
DA:17,0
DA:18,0
DA:19,0
DA:20,0
DA:21,0
DA:22,0
DA:23,0
DA:24,0
DA:25,0
DA:26,0
DA:27,0
DA:28,0
DA:29,0
DA:30,0
DA:31,0
DA:32,0
DA:33,0
DA:34,0
DA:35,0
DA:36,0
DA:37,0
DA:38,0
DA:39,0
DA:40,0
DA:41,0
DA:42,0
DA:43,0
DA:44,0
DA:45,0
LF:40
LH:4
end_of_record
TN:
SF:src/cli/reanchor.ts
FNF:1
FNH:0
DA:1,75
DA:2,32
DA:4,188
DA:11,0
DA:12,0
DA:13,0
DA:14,0
DA:15,0
DA:16,0
DA:17,0
DA:18,0
DA:19,0
DA:20,0
LF:13
LH:3
end_of_record
TN:
SF:src/cli/smoke.ts
FNF:1
FNH:0
DA:1,62
DA:2,69
DA:3,48
DA:4,63
DA:5,62
DA:6,45
DA:8,0
DA:9,0
DA:10,0
DA:11,0
DA:12,0
DA:13,0
DA:14,0
DA:15,0
DA:16,0
DA:17,0
DA:18,0
DA:19,0
DA:20,0
DA:21,0
DA:22,0
DA:23,0
DA:24,0
DA:25,0
DA:26,0
DA:27,0
DA:28,0
DA:29,0
DA:30,0
DA:31,0
DA:32,0
DA:33,0
DA:34,0
DA:35,0
DA:36,0
DA:37,0
DA:38,0
DA:39,0
DA:40,0
DA:41,0
DA:42,0
DA:43,0
DA:44,0
DA:45,0
DA:46,0
DA:47,0
DA:48,0
DA:49,0
DA:50,0
DA:51,0
LF:50
LH:6
end_of_record
TN:
SF:src/cli/util.ts
FNF:4
FNH:0
DA:1,33
DA:2,37
DA:3,39
DA:7,0
DA:8,0
DA:9,0
DA:10,0
DA:11,0
DA:12,1
DA:15,0
DA:16,0
DA:17,0
DA:18,1
DA:21,0
DA:22,1
DA:25,0
DA:26,0
LF:17
LH:6
end_of_record
TN:
SF:src/cli/version.ts
FNF:1
FNH:0
DA:1,38
DA:2,67
DA:3,45
DA:5,136
DA:10,0
DA:11,0
DA:12,0
DA:13,0
DA:14,0
DA:15,0
DA:16,0
DA:17,0
DA:18,0
DA:19,0
DA:20,0
DA:21,0
DA:22,0
DA:23,0
DA:24,0
DA:25,0
DA:26,0
DA:27,0
DA:28,0
DA:29,0
DA:30,0
DA:31,0
DA:32,0
DA:33,0
DA:34,0
DA:35,0
DA:36,0
DA:37,0
DA:38,0
DA:39,0
DA:40,0
DA:41,0
DA:42,0
DA:43,0
DA:44,0
DA:45,0
DA:46,0
DA:47,0
DA:48,0
DA:49,0
DA:50,0
DA:51,0
DA:52,0
DA:53,0
DA:54,0
DA:55,0
LF:50
LH:4
end_of_record
TN:
SF:src/cli/watcher.ts
FNF:1
FNH:0
DA:1,38
DA:2,179
DA:10,32
DA:12,507
DA:25,0
DA:26,0
DA:27,0
DA:28,0
DA:29,0
DA:30,0
DA:31,0
DA:32,0
DA:33,0
DA:34,0
DA:35,0
DA:36,0
DA:37,0
DA:38,0
DA:39,0
DA:40,0
DA:41,0
DA:42,0
DA:43,0
DA:44,0
DA:45,0
DA:46,0
DA:47,0
DA:48,0
DA:49,0
DA:50,0
DA:51,0
DA:52,0
DA:53,0
DA:54,0
DA:55,0
DA:56,0
DA:57,0
DA:58,0
DA:59,0
DA:60,0
DA:61,0
DA:62,0
DA:63,0
DA:64,0
DA:65,0
DA:66,0
DA:67,0
DA:68,0
DA:69,0
DA:70,0
DA:71,0
DA:72,0
DA:73,0
DA:74,0
DA:75,0
DA:76,0
DA:77,0
DA:78,0
DA:79,0
DA:80,0
DA:81,0
DA:82,0
DA:83,0
DA:84,0
DA:85,0
DA:86,0
DA:87,0
DA:88,0
DA:89,0
DA:90,0
DA:91,0
DA:92,0
DA:93,0
DA:94,0
DA:95,0
DA:96,0
DA:97,0
DA:98,0
DA:99,0
DA:100,0
DA:101,0
DA:102,0
DA:103,0
DA:104,0
DA:105,0
DA:106,0
DA:107,0
DA:108,0
DA:109,0
DA:110,0
DA:111,0
DA:112,0
DA:113,0
DA:114,0
DA:115,0
DA:116,0
DA:117,0
DA:118,0
DA:119,0
DA:120,0
DA:121,0
DA:122,0
LF:102
LH:4
end_of_record
TN:
SF:src/config.ts
FNF:5
FNH:3
DA:1,10
DA:2,30
DA:3,16
DA:4,13
DA:7,24
DA:8,12
DA:9,10
DA:10,0
DA:11,0
DA:12,0
DA:13,4
DA:15,10
DA:16,40
DA:18,0
DA:19,0
DA:20,3
DA:22,48
DA:23,1
LF:18
LH:13
end_of_record
TN:
SF:src/db/client.ts
FNF:1
FNH:1
DA:1,38
DA:2,49
DA:3,38
DA:4,38
DA:6,82
DA:7,42
DA:8,41
DA:9,44
DA:11,45
LF:9
LH:9
end_of_record
TN:
SF:src/db/schema.ts
FNF:33
FNH:9
DA:1,105
DA:10,14
DA:11,12
DA:15,42
DA:16,48
DA:17,42
DA:18,54
DA:19,36
DA:20,28
DA:21,52
DA:22,85
DA:23,3
DA:25,42
DA:26,20
DA:27,3
DA:28,48
DA:29,24
DA:30,10
DA:31,39
DA:32,33
DA:33,67
DA:34,71
DA:35,8
DA:36,10
DA:37,14
DA:38,87
DA:39,85
DA:40,1
DA:41,55
DA:42,3
DA:49,48
DA:50,48
DA:51,47
DA:52,35
DA:53,10
DA:54,14
DA:55,45
DA:56,8
DA:57,10
DA:58,14
DA:59,85
DA:60,3
DA:64,34
DA:65,11
DA:66,3
DA:67,48
DA:68,30
DA:69,10
DA:70,39
DA:71,47
DA:72,45
DA:73,33
DA:74,44
DA:75,10
DA:76,14
DA:77,53
DA:78,61
DA:79,85
DA:80,1
DA:81,10
DA:82,47
DA:83,69
DA:85,3
DA:87,34
DA:88,11
DA:89,3
DA:90,48
DA:91,30
DA:92,10
DA:93,39
DA:94,31
DA:95,85
DA:96,1
DA:97,52
DA:98,3
DA:109,43
DA:110,21
DA:111,3
DA:112,48
DA:113,30
DA:114,10
DA:115,39
DA:116,47
DA:117,39
DA:118,61
DA:119,27
DA:120,53
DA:121,1
DA:122,69
DA:123,3
DA:125,54
DA:126,48
DA:127,30
DA:128,10
DA:129,39
DA:130,30
DA:131,10
DA:132,14
DA:133,30
DA:134,10
DA:135,14
DA:136,47
DA:137,40
DA:138,85
DA:139,3
DA:174,43
DA:175,21
DA:176,3
DA:177,48
DA:178,30
DA:179,10
DA:180,39
DA:181,43
DA:182,10
DA:183,14
DA:184,51
DA:185,45
DA:186,58
DA:187,83
DA:188,58
DA:189,61
DA:190,31
DA:191,59
DA:192,45
DA:193,85
DA:194,1
DA:195,10
DA:196,57
DA:197,69
DA:199,3
DA:203,44
DA:204,22
DA:205,3
DA:206,49
DA:207,10
DA:208,39
DA:209,30
DA:210,10
DA:211,39
DA:212,45
DA:213,60
DA:214,64
DA:215,92
DA:216,1
DA:217,10
DA:218,63
DA:219,82
DA:221,3
DA:225,61
DA:226,48
DA:227,30
DA:228,10
DA:229,39
DA:230,30
DA:231,10
DA:232,14
DA:233,59
DA:234,58
DA:235,43
DA:236,44
DA:237,10
DA:238,14
DA:239,85
DA:240,3
DA:244,43
DA:245,21
DA:246,3
DA:247,43
DA:248,10
DA:249,39
DA:250,24
DA:251,10
DA:252,14
DA:253,23
DA:254,8
DA:255,10
DA:256,21
DA:257,63
DA:258,1
DA:259,62
DA:260,3
DA:268,44
DA:269,23
DA:270,3
DA:271,48
DA:272,30
DA:273,10
DA:274,39
DA:275,51
DA:276,44
DA:278,23
DA:279,37
DA:280,62
DA:281,87
DA:282,66
DA:283,66
DA:284,1
DA:285,56
DA:286,3
DA:288,35
DA:289,13
DA:290,3
DA:291,48
DA:292,37
DA:293,35
DA:294,44
DA:295,30
DA:296,51
DA:297,49
DA:298,85
DA:299,1
DA:300,10
DA:301,57
DA:302,43
DA:304,2
LF:215
LH:215
end_of_record
TN:
SF:src/domain/anchor.ts
FNF:3
FNH:3
DA:2,54
DA:5,25
DA:7,15
DA:8,65
DA:25,26
DA:26,32
DA:27,44
DA:28,32
DA:29,46
DA:30,35
DA:32,84
DA:33,34
DA:34,28
DA:35,42
DA:36,6
DA:38,14
DA:39,19
DA:40,17
DA:41,19
DA:42,50
DA:43,48
DA:44,45
DA:45,70
DA:46,5
DA:47,1
DA:48,2
DA:49,12
DA:57,21
DA:58,21
LF:29
LH:29
end_of_record
TN:
SF:src/domain/comments.ts
FNF:6
FNH:0
DA:1,44
DA:2,37
DA:3,88
DA:12,62
DA:13,50
DA:18,48
DA:19,42
DA:20,71
DA:21,54
DA:45,0
DA:46,0
DA:47,0
DA:48,0
DA:49,0
DA:50,0
DA:51,0
DA:52,0
DA:53,0
DA:54,0
DA:55,0
DA:56,0
DA:57,0
DA:58,0
DA:59,0
DA:60,0
DA:61,0
DA:62,0
DA:63,0
DA:64,0
DA:65,0
DA:66,0
DA:67,0
DA:68,0
DA:69,0
DA:70,0
DA:71,0
DA:72,0
DA:73,0
DA:74,0
DA:75,0
DA:76,0
DA:77,0
DA:78,0
DA:79,0
DA:80,0
DA:81,0
DA:82,0
DA:83,0
DA:84,0
DA:85,0
DA:86,0
DA:87,0
DA:88,0
DA:89,0
DA:90,0
DA:91,0
DA:92,0
DA:93,0
DA:94,0
DA:95,0
DA:96,0
DA:97,0
DA:98,0
DA:99,0
DA:100,0
DA:101,0
DA:102,0
DA:103,0
DA:104,0
DA:105,0
DA:106,0
DA:107,0
DA:108,0
DA:109,0
DA:110,0
DA:111,0
DA:112,0
DA:113,0
DA:114,0
DA:115,0
DA:116,0
DA:117,0
DA:118,0
DA:119,0
DA:120,0
DA:121,0
DA:122,0
DA:123,0
DA:124,0
DA:125,0
DA:126,0
DA:127,0
DA:128,0
DA:132,0
DA:133,0
DA:134,0
DA:138,0
DA:139,0
DA:140,0
DA:141,0
DA:142,0
DA:143,0
DA:144,0
DA:145,0
DA:146,0
DA:147,0
DA:148,0
DA:149,0
DA:150,0
DA:151,0
DA:152,0
DA:153,0
DA:157,0
DA:158,0
DA:159,0
DA:160,0
DA:161,0
DA:162,0
DA:179,0
DA:180,0
DA:181,0
DA:182,0
DA:183,0
DA:184,0
DA:185,0
DA:186,0
DA:187,0
DA:188,0
DA:189,0
DA:190,0
DA:191,0
DA:192,0
DA:193,0
DA:194,0
DA:195,0
DA:196,0
DA:197,0
DA:198,0
DA:199,0
DA:200,0
DA:201,0
DA:202,0
DA:203,0
DA:204,0
DA:205,0
DA:206,0
DA:207,0
DA:208,0
DA:209,0
DA:210,0
DA:211,0
DA:212,0
DA:213,0
DA:214,0
DA:215,0
DA:216,0
DA:217,0
DA:218,0
DA:219,0
DA:220,0
DA:221,0
DA:222,0
DA:223,0
DA:224,0
DA:225,0
DA:226,0
DA:227,0
DA:228,0
DA:229,0
DA:230,0
DA:231,0
DA:232,0
DA:233,0
DA:234,0
DA:235,1
DA:238,0
DA:239,0
DA:240,0
DA:241,0
DA:242,0
DA:243,0
DA:244,0
LF:182
LH:10
end_of_record
TN:
SF:src/domain/google-doc-url.ts
FNF:2
FNH:2
DA:1,47
DA:2,42
DA:4,16
DA:5,31
DA:6,39
DA:7,30
DA:8,48
DA:9,63
DA:12,16
DA:13,57
LF:10
LH:10
end_of_record
TN:
SF:src/domain/overlay.ts
FNF:16
FNH:10
DA:1,44
DA:2,37
DA:3,94
DA:12,62
DA:13,55
DA:14,43
DA:17,34
DA:21,75
DA:27,0
DA:28,0
DA:29,0
DA:30,0
DA:31,0
DA:32,0
DA:33,0
DA:34,0
DA:35,0
DA:36,0
DA:37,0
DA:38,0
DA:39,0
DA:40,1
DA:43,0
DA:44,0
DA:45,0
DA:46,0
DA:47,0
DA:48,0
DA:49,0
DA:50,0
DA:51,0
DA:52,0
DA:53,0
DA:54,0
DA:55,0
DA:56,0
DA:57,0
DA:58,0
DA:59,0
DA:60,0
DA:61,0
DA:62,0
DA:63,0
DA:64,0
DA:65,0
DA:66,0
DA:67,0
DA:68,0
DA:69,0
DA:70,0
DA:71,0
DA:72,0
DA:73,0
DA:74,1
DA:77,0
DA:78,0
DA:79,0
DA:80,0
DA:81,0
DA:82,1
DA:85,0
DA:86,0
DA:87,0
DA:88,0
DA:89,0
DA:90,1
DA:115,6
DA:116,5
DA:117,5
DA:118,3
DA:119,52
DA:120,12
DA:121,39
DA:122,17
DA:123,55
DA:124,1
DA:127,12
DA:128,61
DA:130,29
DA:131,36
DA:132,33
DA:133,10
DA:134,0
DA:135,4
DA:136,14
DA:137,12
DA:138,47
DA:139,22
DA:140,19
DA:141,1
DA:142,2
DA:144,47
DA:145,72
DA:146,14
DA:147,12
DA:148,19
DA:149,42
DA:150,24
DA:151,8
DA:152,36
DA:153,30
DA:154,67
DA:155,1
DA:156,2
DA:158,17
DA:159,37
DA:160,55
DA:161,46
DA:163,25
DA:164,17
DA:165,26
DA:166,62
DA:167,8
DA:168,80
DA:169,92
DA:170,5
DA:171,18
DA:172,42
DA:173,26
DA:174,62
DA:175,8
DA:176,84
DA:177,92
DA:178,5
DA:179,17
DA:180,35
DA:181,10
DA:182,0
DA:183,6
DA:184,16
DA:185,14
DA:186,65
DA:187,44
DA:188,33
DA:189,1
DA:190,0
DA:192,0
DA:193,0
DA:194,0
DA:195,0
DA:196,0
DA:197,0
DA:198,1
DA:206,14
DA:207,42
DA:208,43
DA:209,34
DA:210,28
DA:218,15
DA:219,20
DA:220,30
DA:221,37
DA:222,66
DA:223,4
DA:224,2
DA:226,26
DA:227,61
DA:228,0
DA:229,4
DA:230,29
DA:233,9
DA:234,16
DA:235,22
DA:236,38
DA:237,22
DA:238,2
DA:239,30
DA:240,45
DA:241,29
DA:242,0
DA:243,1
DA:257,0
DA:258,0
DA:259,0
DA:260,0
DA:261,0
DA:262,0
DA:263,0
DA:264,0
DA:265,0
DA:266,0
DA:267,0
DA:268,0
DA:269,0
DA:270,0
DA:271,0
DA:272,0
DA:273,0
DA:274,0
DA:275,0
DA:276,0
DA:277,0
DA:278,0
DA:279,0
DA:280,0
DA:281,0
DA:282,0
DA:283,0
DA:284,0
DA:285,0
DA:286,0
DA:287,0
DA:288,0
DA:289,0
DA:290,0
DA:291,0
DA:292,0
DA:293,0
DA:294,0
DA:295,0
DA:296,0
DA:297,0
DA:298,0
DA:299,0
DA:300,0
DA:301,0
DA:302,0
DA:303,0
DA:304,0
DA:305,0
DA:306,0
DA:307,0
DA:308,0
DA:309,0
DA:310,1
DA:313,0
DA:314,0
DA:315,0
DA:316,0
DA:317,0
DA:318,1
DA:321,43
LF:232
LH:109
end_of_record
TN:
SF:src/domain/project.ts
FNF:4
FNH:0
DA:1,33
DA:2,37
DA:3,42
DA:4,62
DA:5,45
DA:6,55
DA:8,70
DA:12,0
DA:13,0
DA:14,0
DA:15,0
DA:16,0
DA:17,0
DA:18,0
DA:19,0
DA:20,0
DA:21,0
DA:22,0
DA:23,0
DA:24,0
DA:25,0
DA:26,0
DA:27,0
DA:28,0
DA:29,0
DA:30,0
DA:31,0
DA:32,0
DA:33,0
DA:34,0
DA:35,0
DA:36,0
DA:37,0
DA:38,0
DA:39,0
DA:40,0
DA:41,0
DA:42,0
DA:43,0
DA:44,0
DA:45,0
DA:46,0
DA:47,0
DA:48,0
DA:49,1
DA:52,0
DA:53,0
DA:54,1
DA:57,0
DA:58,1
DA:61,0
LF:51
LH:10
end_of_record
TN:
SF:src/domain/project_comments.ts
FNF:1
FNH:0
DA:1,42
DA:2,37
DA:3,81
DA:9,62
DA:10,48
DA:11,42
DA:12,41
DA:32,0
DA:33,0
DA:34,0
DA:35,0
DA:36,0
DA:37,0
DA:38,0
DA:39,0
DA:40,0
DA:41,0
DA:42,0
DA:43,0
DA:44,0
DA:45,0
DA:46,0
DA:47,0
DA:48,0
DA:49,0
DA:50,0
DA:51,0
DA:52,0
DA:53,0
DA:54,0
DA:55,0
DA:56,0
DA:57,0
DA:58,0
DA:59,0
DA:60,0
DA:61,0
DA:62,0
DA:63,0
DA:64,0
DA:65,0
DA:66,0
DA:67,0
DA:68,0
DA:69,0
DA:70,0
DA:71,0
DA:72,0
DA:73,0
DA:74,0
DA:75,0
DA:76,0
DA:77,0
DA:78,0
DA:79,0
DA:80,0
DA:81,0
DA:82,0
DA:83,0
DA:84,0
DA:85,0
DA:86,0
DA:87,0
DA:88,0
DA:89,0
DA:90,0
DA:91,0
DA:92,0
DA:93,0
DA:94,0
DA:95,0
DA:96,0
DA:97,0
DA:98,0
DA:99,0
DA:100,0
DA:101,0
DA:102,0
DA:103,0
DA:104,0
DA:105,0
DA:106,0
DA:107,0
DA:108,0
DA:109,0
DA:110,0
DA:111,0
DA:112,0
DA:113,0
DA:114,0
DA:115,0
DA:116,0
DA:117,0
DA:118,0
DA:119,0
DA:120,0
DA:121,0
DA:122,0
DA:123,0
DA:124,0
LF:100
LH:7
end_of_record
TN:
SF:src/domain/reanchor.ts
FNF:8
FNH:8
DA:3,54
DA:4,58
DA:21,34
DA:22,34
DA:24,25
DA:33,22
DA:34,35
DA:35,17
DA:36,70
DA:37,2
DA:39,44
DA:42,30
DA:43,34
DA:44,72
DA:45,44
DA:46,27
DA:47,18
DA:48,46
DA:49,26
DA:50,26
DA:51,20
DA:52,1
DA:53,0
DA:54,2
DA:55,2
DA:58,35
DA:59,50
DA:60,31
DA:62,36
DA:63,68
DA:64,39
DA:65,20
DA:66,10
DA:67,47
DA:68,43
DA:69,6
DA:70,4
DA:71,38
DA:72,57
DA:73,75
DA:74,14
DA:75,56
DA:76,17
DA:77,61
DA:78,23
DA:79,1
DA:80,2
DA:83,18
DA:84,32
DA:85,55
DA:86,38
DA:87,45
DA:88,39
DA:89,69
DA:90,2
DA:91,2
DA:93,35
DA:94,65
DA:95,14
DA:96,72
DA:97,17
DA:98,54
DA:99,21
DA:100,1
DA:101,2
DA:103,74
DA:106,23
DA:107,75
DA:108,93
DA:109,12
DA:110,23
DA:111,39
DA:112,37
DA:113,41
DA:114,66
DA:115,1
DA:118,1
DA:119,8
DA:120,3
DA:121,8
DA:122,10
DA:123,3
DA:124,75
DA:125,83
DA:126,12
DA:127,23
DA:128,39
DA:129,37
DA:130,41
DA:131,66
DA:132,1
DA:135,1
DA:136,15
DA:137,8
DA:138,8
DA:139,8
DA:140,3
DA:141,87
DA:142,39
DA:143,24
DA:144,38
DA:145,4
DA:146,39
DA:147,0
DA:148,2
DA:149,6
DA:150,37
DA:151,0
DA:152,2
DA:153,6
DA:154,27
DA:161,6
DA:162,3
DA:163,3
DA:164,3
DA:165,21
DA:166,21
DA:167,62
DA:169,36
DA:170,36
DA:171,18
DA:172,19
DA:174,32
DA:175,34
DA:176,57
DA:177,34
DA:178,20
DA:179,27
DA:180,22
DA:181,21
DA:182,6
DA:183,15
DA:184,22
DA:186,4
DA:187,21
DA:188,16
DA:189,15
DA:190,15
DA:191,2
DA:193,57
LF:140
LH:137
end_of_record
TN:
SF:src/domain/suggestions.ts
FNF:4
FNH:4
DA:42,14
DA:43,17
DA:44,58
DA:45,61
DA:46,52
DA:47,2
DA:48,61
DA:49,52
DA:50,2
DA:51,64
DA:52,55
DA:53,2
DA:54,10
DA:57,1
DA:58,8
DA:59,10
DA:60,9
DA:61,3
DA:62,19
DA:63,26
DA:65,36
DA:66,27
DA:67,21
DA:69,49
DA:70,27
DA:71,33
DA:72,70
DA:73,4
DA:74,82
DA:81,25
DA:82,19
DA:84,28
DA:85,29
DA:86,20
DA:87,20
DA:88,11
DA:89,21
DA:90,15
DA:91,17
DA:92,23
DA:93,22
DA:94,25
DA:95,30
DA:96,18
DA:97,9
DA:98,25
DA:101,33
DA:102,29
DA:103,22
DA:104,40
DA:105,73
DA:107,56
DA:108,55
DA:109,62
DA:111,43
DA:112,47
DA:113,6
DA:115,37
DA:116,38
DA:117,50
DA:118,33
DA:119,17
DA:120,34
DA:121,75
DA:124,71
DA:125,71
DA:127,29
DA:128,4
DA:130,41
DA:131,2
DA:133,12
LF:71
LH:71
end_of_record
TN:
SF:src/domain/version.ts
FNF:5
FNH:0
DA:1,39
DA:2,37
DA:3,51
DA:4,62
DA:5,55
DA:6,65
DA:10,0
DA:11,1
DA:14,0
DA:15,0
DA:16,0
DA:17,0
DA:18,0
DA:19,0
DA:20,0
DA:21,0
DA:22,0
DA:23,0
DA:24,0
DA:25,0
DA:26,0
DA:27,0
DA:28,0
DA:29,0
DA:30,0
DA:31,0
DA:32,0
DA:33,0
DA:34,0
DA:35,0
DA:36,0
DA:37,0
DA:38,0
DA:39,0
DA:40,0
DA:41,0
DA:42,0
DA:43,0
DA:44,0
DA:45,0
DA:46,0
DA:47,0
DA:48,0
DA:49,0
DA:50,0
DA:51,0
DA:52,0
DA:53,0
DA:54,0
DA:55,0
DA:56,0
DA:57,0
DA:58,0
DA:59,0
DA:60,0
DA:61,0
DA:62,0
DA:63,0
DA:64,0
DA:65,0
DA:66,0
DA:67,1
DA:70,0
DA:71,0
DA:72,0
DA:73,0
DA:74,0
DA:75,1
DA:78,0
DA:79,0
DA:80,1
DA:83,0
LF:72
LH:10
end_of_record
TN:
SF:src/domain/watcher.ts
FNF:6
FNH:0
DA:1,54
DA:2,37
DA:3,72
DA:9,62
DA:10,60
DA:11,54
DA:15,40
DA:16,33
DA:27,0
DA:28,0
DA:29,0
DA:30,0
DA:31,0
DA:32,0
DA:33,0
DA:34,0
DA:35,0
DA:36,0
DA:37,0
DA:38,0
DA:39,0
DA:40,0
DA:41,0
DA:42,0
DA:43,0
DA:44,0
DA:45,0
DA:46,0
DA:47,0
DA:48,0
DA:49,0
DA:50,0
DA:51,0
DA:52,0
DA:53,0
DA:54,0
DA:55,0
DA:56,0
DA:57,0
DA:58,0
DA:59,0
DA:60,0
DA:61,0
DA:62,0
DA:63,0
DA:64,0
DA:65,1
DA:72,0
DA:73,0
DA:74,0
DA:75,0
DA:76,0
DA:77,0
DA:78,0
DA:79,0
DA:80,0
DA:81,0
DA:82,0
DA:83,0
DA:84,0
DA:85,0
DA:86,0
DA:87,0
DA:88,0
DA:89,0
DA:90,0
DA:91,0
DA:92,0
DA:93,0
DA:94,0
DA:95,1
DA:98,0
DA:99,1
DA:111,0
DA:112,0
DA:113,0
DA:114,0
DA:115,0
DA:116,0
DA:117,0
DA:118,0
DA:119,0
DA:120,0
DA:121,0
DA:122,0
DA:123,0
DA:124,0
DA:125,0
DA:126,0
DA:127,0
DA:128,0
DA:129,0
DA:130,0
DA:131,0
DA:132,0
DA:133,0
DA:134,0
DA:135,0
DA:136,0
DA:137,0
DA:138,0
DA:139,0
DA:140,1
DA:149,0
DA:150,0
DA:151,0
DA:152,0
DA:153,0
DA:154,0
DA:155,0
DA:156,0
DA:157,0
DA:158,1
DA:166,0
DA:167,0
DA:168,0
DA:169,0
DA:170,0
DA:171,0
DA:172,0
DA:173,0
DA:174,0
DA:175,0
DA:176,0
DA:177,0
DA:178,0
DA:179,0
DA:180,0
DA:181,0
DA:182,0
DA:183,0
DA:184,0
DA:185,0
DA:186,0
DA:187,0
DA:188,0
DA:189,0
DA:190,0
DA:191,0
DA:192,0
DA:193,0
DA:194,0
DA:195,0
DA:196,0
LF:144
LH:13
end_of_record
TN:
SF:src/google/api.ts
FNF:3
FNH:0
DA:7,0
DA:8,0
DA:9,0
DA:10,0
DA:11,0
DA:12,0
DA:13,34
DA:15,2
DA:17,0
DA:18,0
DA:19,0
DA:20,0
DA:21,0
DA:22,0
DA:23,0
DA:24,0
DA:25,0
DA:26,0
DA:27,0
DA:28,0
DA:29,0
DA:30,0
DA:31,0
DA:32,14
DA:35,0
DA:36,0
DA:37,0
DA:38,0
DA:39,0
DA:40,0
DA:41,0
DA:42,0
DA:43,0
DA:44,20
LF:34
LH:4
end_of_record
TN:
SF:src/google/docs.ts
FNF:8
FNH:3
DA:1,38
DA:3,51
DA:59,0
DA:60,1
DA:63,0
DA:64,0
DA:65,0
DA:66,0
DA:67,0
DA:68,0
DA:69,0
DA:70,0
DA:71,1
DA:82,0
DA:83,0
DA:84,0
DA:85,0
DA:86,0
DA:87,0
DA:88,0
DA:89,0
DA:90,0
DA:91,0
DA:92,0
DA:93,0
DA:94,0
DA:95,0
DA:96,1
DA:99,19
DA:100,19
DA:101,54
DA:103,28
DA:104,68
DA:106,0
DA:107,0
DA:108,0
DA:109,0
DA:110,0
DA:111,0
DA:112,1
DA:114,2
DA:116,0
DA:117,0
DA:118,0
DA:119,0
DA:120,0
DA:121,0
DA:122,0
DA:123,1
DA:142,14
DA:143,17
DA:144,12
DA:145,46
DA:146,35
DA:147,18
DA:148,52
DA:149,61
DA:150,4
DA:151,55
DA:152,16
DA:153,24
DA:154,11
DA:155,37
DA:156,30
DA:157,7
DA:158,6
DA:159,2
DA:160,10
LF:68
LH:32
end_of_record
TN:
SF:src/google/drive.ts
FNF:6
FNH:0
DA:1,51
DA:3,57
DA:16,100
DA:18,0
DA:19,0
DA:20,0
DA:21,0
DA:22,0
DA:23,0
DA:24,0
DA:25,0
DA:26,1
DA:29,0
DA:30,0
DA:31,0
DA:32,0
DA:33,0
DA:34,0
DA:35,0
DA:36,0
DA:37,0
DA:38,0
DA:39,0
DA:40,0
DA:41,1
DA:75,22
DA:76,261
DA:83,0
DA:84,0
DA:85,0
DA:86,0
DA:87,0
DA:88,0
DA:89,0
DA:90,0
DA:91,0
DA:92,0
DA:93,0
DA:94,0
DA:95,0
DA:96,0
DA:97,0
DA:98,0
DA:99,0
DA:100,0
DA:101,1
DA:120,0
DA:121,0
DA:122,0
DA:123,0
DA:124,0
DA:125,0
DA:126,0
DA:127,0
DA:128,0
DA:129,0
DA:130,0
DA:131,0
DA:132,0
DA:133,0
DA:134,0
DA:135,1
DA:138,0
DA:139,0
DA:140,0
DA:141,0
DA:142,0
DA:143,0
DA:144,0
DA:145,0
DA:146,0
DA:147,0
DA:148,0
DA:149,1
DA:171,0
DA:172,0
DA:173,0
DA:174,0
DA:175,0
DA:176,0
DA:177,0
DA:178,0
DA:179,0
DA:180,0
DA:181,0
DA:182,0
DA:183,0
DA:184,0
DA:185,0
DA:186,0
DA:187,0
DA:188,0
DA:189,0
DA:190,0
LF:94
LH:10
end_of_record
TN:
SF:src/google/oauth.ts
FNF:5
FNH:1
DA:1,38
DA:3,64
DA:4,56
DA:5,72
DA:7,30
DA:8,57
DA:9,2
DA:11,62
DA:21,15
DA:22,40
DA:23,38
DA:24,64
DA:25,26
DA:26,33
DA:27,27
DA:28,35
DA:29,22
DA:30,34
DA:31,5
DA:32,64
DA:33,41
DA:45,0
DA:46,0
DA:47,0
DA:48,0
DA:49,0
DA:50,0
DA:51,0
DA:52,0
DA:53,0
DA:54,1
DA:57,0
DA:58,0
DA:59,0
DA:60,0
DA:61,0
DA:62,0
DA:63,0
DA:64,1
DA:67,0
DA:68,0
DA:69,0
DA:70,0
DA:71,0
DA:72,0
DA:73,1
DA:86,0
DA:87,0
DA:88,0
DA:89,0
DA:90,0
DA:91,0
DA:92,0
LF:53
LH:24
end_of_record
TN:
SF:test/coverage.ts
FNF:5
FNH:5
DA:1,36
DA:3,46
DA:6,57
DA:8,6
DA:9,5
DA:10,13
DA:11,3
DA:12,54
DA:13,39
DA:14,44
DA:15,54
DA:16,4
DA:18,18
DA:19,69
DA:20,4
DA:23,74
LF:16
LH:16
end_of_record
